<?xml version="1.0" encoding="UTF-8"?>
<!-- Generated by org.testng.reporters.JUnitXMLReporter -->
<testsuite hostname="AMIT" ignored="0" name="Test" tests="3" failures="2" timestamp="2022-06-26T20:29:32 IST" time="1.433" errors="0">
  <testcase name="failTest" time="0.011" classname="Com.Test.LoginTest">
    <failure type="java.lang.AssertionError" message="expected [true] but found [false]">
      <![CDATA[java.lang.AssertionError: expected [true] but found [false]
at Com.Test.LoginTest.failTest(LoginTest.java:38)
at java.util.ArrayList.forEach(ArrayList.java:1249)
... Removed 31 stack frames]]>
    </failure>
  </testcase> <!-- failTest -->
  <testcase name="passTest" time="0.97" classname="Com.Test.LoginTest">
    <failure type="java.lang.AssertionError" message="expected [JavaByKiran | DashBoard] but found [JavaByKiran | Dashboard]">
      <![CDATA[java.lang.AssertionError: expected [JavaByKiran | DashBoard] but found [JavaByKiran | Dashboard]
at Com.Test.LoginTest.passTest(LoginTest.java:33)
at java.util.ArrayList.forEach(ArrayList.java:1249)
... Removed 33 stack frames]]>
    </failure>
  </testcase> <!-- passTest -->
  <testcase name="skipTest" time="0.005" classname="Com.Test.LoginTest">
    <skipped/>
  </testcase> <!-- skipTest -->
</testsuite> <!-- Test -->
