<?xml version="1.0" encoding="UTF-8"?>
<!-- Generated by org.testng.reporters.JUnitXMLReporter -->
<testsuite hostname="AMIT" ignored="0" name="Test" tests="3" failures="1" timestamp="03 Jul 2022 06:49:23 GMT" time="1.301" errors="0">
  <testcase name="failTest" time="0.032" classname="Com.Test.LoginTest"/>
  <testcase name="passTest" time="0.981" classname="Com.Test.LoginTest">
    <failure type="java.lang.AssertionError" message="expected [JavaByKiran | DashBoard] but found [JavaByKiran | Dashboard]">
      <![CDATA[java.lang.AssertionError: expected [JavaByKiran | DashBoard] but found [JavaByKiran | Dashboard]
at Com.Test.LoginTest.passTest(LoginTest.java:33)
... Removed 35 stack frames]]>
    </failure>
  </testcase> <!-- passTest -->
  <testcase name="skipTest" time="0.001" classname="Com.Test.LoginTest">
    <skipped/>
  </testcase> <!-- skipTest -->
</testsuite> <!-- Test -->
