-------------------------------------------------------------------------------
Test set: TestSuite
-------------------------------------------------------------------------------
Tests run: 3, Failures: 1, Errors: 0, Skipped: 1, Time elapsed: 7.109 s <<< FAILURE! - in TestSuite
Com.Test.LoginTest.passTest  Time elapsed: 1.037 s  <<< FAILURE!
java.lang.AssertionError: expected [JavaByKiran | DashBoard] but found [JavaByKiran | Dashboard]
	at Com.Test.LoginTest.passTest(LoginTest.java:33)

