<?xml version="1.0" encoding="UTF-8"?>
<testsuite xmlns:xsi="http://www.w3.org/2001/XMLSchema-instance" xsi:noNamespaceSchemaLocation="https://maven.apache.org/surefire/maven-surefire-plugin/xsd/surefire-test-report-3.0.xsd" version="3.0" name="TestSuite" time="6.91" tests="3" errors="0" skipped="1" failures="1">
  <properties>
[...]
</properties>
  <testcase name="failTest" classname="Com.Test.LoginTest" time="0.005">
    <system-out><![CDATA[[TestNGContentHandler] [WARN] It is strongly recommended to add "<!DOCTYPE suite SYSTEM "http://testng.org/testng-1.0.dtd" >" at the top of your file, otherwise TestNG may fail or not work as expected.
initializing browser
07-03-2022 12:19:19 BaseClass.java INFO  [main] Base.BaseClass 27 - initializing browser
]]></system-out>
    <system-err><![CDATA[Starting ChromeDriver 102.0.5005.61 (0e59bcc00cc4985ce39ad31c150065f159d95ad3-refs/branch-heads/5005@{#819}) on port 17854
Only local connections are allowed.
Please see https://chromedriver.chromium.org/security-considerations for suggestions on keeping ChromeDriver safe.
ChromeDriver was started successfully.
[1656830961.276][WARNING]: This version of ChromeDriver has not been tested with Chrome version 103.
Jul 03, 2022 12:19:21 PM org.openqa.selenium.remote.ProtocolHandshake createSession
INFO: Detected dialect: W3C
]]></system-err>
  </testcase>
  <testcase name="passTest" classname="Com.Test.LoginTest" time="0.987">
    <failure message="expected [JavaByKiran | DashBoard] but found [JavaByKiran | Dashboard]" type="java.lang.AssertionError"><![CDATA[java.lang.AssertionError: expected [JavaByKiran | DashBoard] but found [JavaByKiran | Dashboard]
	at Com.Test.LoginTest.passTest(LoginTest.java:33)
]]></failure>
  </testcase>
  <testcase name="skipTest" classname="Com.Test.LoginTest" time="0">
    <skipped message="Skipping a Test case"/>
  </testcase>
</testsuite>